Server with real-time updates running on http://localhost:5000
1/8/2024, 10:08:01 PM
[ Umaru 31.7.2 ] ❯ Initializing variables...
[ JONELL CC ] ❯ 
Found file config: config.json
[ JONELL CC ] ❯ 
Config Loaded!
Found file appstate
[ JONELL CC ] ❯ 
Found file appstate
[ AUTO CLEAR CACHE ] ❯ Successfully delete cache
[ DATABASE ] » 
Connected to database successfully!
================== SUCCESFULLY =====================
[ Starting ] » 
Opened server site...
▒█▀▄▒█▀▄░▄▀▄░░▒█▒██▀░▄▀▀░▀█▀░░░▄▀▄▒█▀▄░█░▄▀▄░█▄░█
░█▀▒░█▀▄░▀▄▀░▀▄█░█▄▄░▀▄▄░▒█▒▒░░▀▄▀░█▀▄░█░▀▄▀░█▒▀█

[ FCA-PROJECT-ORION ] > Start the Login Process !
New client connected
[ FCA-PROJECT-ORION ] > Successfully Appstate Solved !
[ FCA-PROJECT-ORION ] > Login as ID: 61554940348260
[ FCA-PROJECT-ORION ] > You Are Currently Using Version: 1.1.15 !
[ FCA-PROJECT-ORION ] > Total Time You Use: 1427 Hours
[ FCA-PROJECT-ORION ] > Have a Nice Day !
